<?xml version="1.0" encoding="UTF-8"?>
<!-- Generated by org.testng.reporters.JUnitXMLReporter -->
<testsuite ignored="0" hostname="DESKTOP-0V2RVJO" failures="1" tests="3" name="Test" time="3.117" errors="0" timestamp="2022-03-31T21:57:00 IST">
  <testcase classname="com.test.ListenerTest" name="test1" time="0.019"/>
  <testcase classname="com.test.ListenerTest" name="test2" time="0.004">
    <failure type="java.lang.AssertionError" message="expected [B] but found [A]">
      <![CDATA[java.lang.AssertionError: expected [B] but found [A]
at com.test.ListenerTest.test2(ListenerTest.java:22)
at java.base/java.util.ArrayList.forEach(ArrayList.java:1511)
... Removed 33 stack frames]]>
    </failure>
  </testcase> <!-- test2 -->
  <testcase classname="com.test.ListenerTest" name="test3" time="3.015">
    <skipped/>
  </testcase> <!-- test3 -->
</testsuite> <!-- Test -->
